JokerAv 0
Die0_R 0
Die0_B 0
Die0_G 0
Die0_Y 1
Die0_1 1
Die0_2 0
Die0_3 0
Die0_4 0
Die1_R 0
Die1_B 0
Die1_G 0
Die1_Y 1
Die1_1 0
Die1_2 0
Die1_3 1
Die1_4 0
Die2_R 0
Die2_B 0
Die2_G 0
Die2_Y 0
Die2_1 0
Die2_2 0
Die2_3 0
Die2_4 0
Die3_R 0
Die3_B 0
Die3_G 0
Die3_Y 0
Die3_1 0
Die3_2 0
Die3_3 0
Die3_4 0
Space0_CoveredByC_R 0
Space0_CoveredByC_B 1
Space0_CoveredByC_G 0
Space0_CoveredByC_Y 0
Space0_CoveredByN_1 0
Space0_CoveredByN_2 0
Space0_CoveredByN_3 0
Space0_CoveredByN_4 1
Space0_CoveredByJO 0
Space1_CoveredByC_R 0
Space1_CoveredByC_B 0
Space1_CoveredByC_G 0
Space1_CoveredByC_Y 0
Space1_CoveredByN_1 0
Space1_CoveredByN_2 0
Space1_CoveredByN_3 0
Space1_CoveredByN_4 0
Space1_CoveredByJO 0
Space2_CoveredByC_R 0
Space2_CoveredByC_B 0
Space2_CoveredByC_G 0
Space2_CoveredByC_Y 0
Space2_CoveredByN_1 0
Space2_CoveredByN_2 0
Space2_CoveredByN_3 0
Space2_CoveredByN_4 0
Space2_CoveredByJO 0
Space3_CoveredByC_R 0
Space3_CoveredByC_B 0
Space3_CoveredByC_G 0
Space3_CoveredByC_Y 0
Space3_CoveredByN_1 0
Space3_CoveredByN_2 0
Space3_CoveredByN_3 0
Space3_CoveredByN_4 0
Space3_CoveredByJO 0
Space4_CoveredByC_R 0
Space4_CoveredByC_B 0
Space4_CoveredByC_G 0
Space4_CoveredByC_Y 0
Space4_CoveredByN_1 0
Space4_CoveredByN_2 0
Space4_CoveredByN_3 0
Space4_CoveredByN_4 0
Space4_CoveredByJO 0
Space5_CoveredByC_R 0
Space5_CoveredByC_B 0
Space5_CoveredByC_G 0
Space5_CoveredByC_Y 0
Space5_CoveredByN_1 0
Space5_CoveredByN_2 0
Space5_CoveredByN_3 0
Space5_CoveredByN_4 0
Space5_CoveredByJO 0
Space6_CoveredByC_R 0
Space6_CoveredByC_B 0
Space6_CoveredByC_G 0
Space6_CoveredByC_Y 0
Space6_CoveredByN_1 0
Space6_CoveredByN_2 0
Space6_CoveredByN_3 0
Space6_CoveredByN_4 0
Space6_CoveredByJO 0
Space7_CoveredByC_R 0
Space7_CoveredByC_B 0
Space7_CoveredByC_G 0
Space7_CoveredByC_Y 0
Space7_CoveredByN_1 0
Space7_CoveredByN_2 0
Space7_CoveredByN_3 0
Space7_CoveredByN_4 0
Space7_CoveredByJO 0
Space8_CoveredByC_R 0
Space8_CoveredByC_B 0
Space8_CoveredByC_G 0
Space8_CoveredByC_Y 0
Space8_CoveredByN_1 0
Space8_CoveredByN_2 0
Space8_CoveredByN_3 0
Space8_CoveredByN_4 0
Space8_CoveredByJO 0
Space9_CoveredByC_R 0
Space9_CoveredByC_B 0
Space9_CoveredByC_G 1
Space9_CoveredByC_Y 0
Space9_CoveredByN_1 1
Space9_CoveredByN_2 0
Space9_CoveredByN_3 0
Space9_CoveredByN_4 0
Space9_CoveredByJO 0
Space10_CoveredByC_R 0
Space10_CoveredByC_B 0
Space10_CoveredByC_G 0
Space10_CoveredByC_Y 0
Space10_CoveredByN_1 0
Space10_CoveredByN_2 0
Space10_CoveredByN_3 0
Space10_CoveredByN_4 0
Space10_CoveredByJO 0
Space11_CoveredByC_R 0
Space11_CoveredByC_B 0
Space11_CoveredByC_G 0
Space11_CoveredByC_Y 0
Space11_CoveredByN_1 0
Space11_CoveredByN_2 0
Space11_CoveredByN_3 0
Space11_CoveredByN_4 0
Space11_CoveredByJO 0
Space12_CoveredByC_R 0
Space12_CoveredByC_B 0
Space12_CoveredByC_G 0
Space12_CoveredByC_Y 0
Space12_CoveredByN_1 0
Space12_CoveredByN_2 0
Space12_CoveredByN_3 0
Space12_CoveredByN_4 0
Space12_CoveredByJO 0
Space13_CoveredByC_R 0
Space13_CoveredByC_B 0
Space13_CoveredByC_G 0
Space13_CoveredByC_Y 0
Space13_CoveredByN_1 0
Space13_CoveredByN_2 0
Space13_CoveredByN_3 0
Space13_CoveredByN_4 0
Space13_CoveredByJO 0
Space14_CoveredByC_R 0
Space14_CoveredByC_B 0
Space14_CoveredByC_G 0
Space14_CoveredByC_Y 0
Space14_CoveredByN_1 0
Space14_CoveredByN_2 0
Space14_CoveredByN_3 0
Space14_CoveredByN_4 0
Space14_CoveredByJO 0
Space15_CoveredByC_R 0
Space15_CoveredByC_B 0
Space15_CoveredByC_G 0
Space15_CoveredByC_Y 0
Space15_CoveredByN_1 0
Space15_CoveredByN_2 0
Space15_CoveredByN_3 0
Space15_CoveredByN_4 0
Space15_CoveredByJO 0
